0 info it worked if it ends with ok
1 verbose cli [ '/home/polensky/.meteor/packages/meteor-tool/.1.4.2_3.17tso1e++os.linux.x86_64+web.browser+web.cordova/mt-os.linux.x86_64/dev_bundle/bin/node',
1 verbose cli   '/home/polensky/.meteor/packages/meteor-tool/.1.4.2_3.17tso1e++os.linux.x86_64+web.browser+web.cordova/mt-os.linux.x86_64/dev_bundle/bin/npm',
1 verbose cli   'install',
1 verbose cli   'mpg:geolocation' ]
2 info using npm@3.10.9
3 info using node@v4.6.2
4 silly loadCurrentTree Starting
5 silly install loadCurrentTree
6 silly install readLocalPackageData
7 silly fetchPackageMetaData mpg:geolocation
8 silly fetchPackageMetaData Error: Unsupported URL Type: mpg:geolocation
8 silly fetchPackageMetaData     at parseUrl (/home/polensky/.meteor/packages/meteor-tool/.1.4.2_3.17tso1e++os.linux.x86_64+web.browser+web.cordova/mt-os.linux.x86_64/dev_bundle/lib/node_modules/npm/node_modules/npm-package-arg/npa.js:186:13)
8 silly fetchPackageMetaData     at npa (/home/polensky/.meteor/packages/meteor-tool/.1.4.2_3.17tso1e++os.linux.x86_64+web.browser+web.cordova/mt-os.linux.x86_64/dev_bundle/lib/node_modules/npm/node_modules/npm-package-arg/npa.js:79:12)
8 silly fetchPackageMetaData     at module.exports (/home/polensky/.meteor/packages/meteor-tool/.1.4.2_3.17tso1e++os.linux.x86_64+web.browser+web.cordova/mt-os.linux.x86_64/dev_bundle/lib/node_modules/npm/node_modules/realize-package-specifier/index.js:12:15)
8 silly fetchPackageMetaData     at fetchPackageMetadata (/home/polensky/.meteor/packages/meteor-tool/.1.4.2_3.17tso1e++os.linux.x86_64+web.browser+web.cordova/mt-os.linux.x86_64/dev_bundle/lib/node_modules/npm/lib/fetch-package-metadata.js:54:12)
8 silly fetchPackageMetaData     at fetchMetadataWithVersion (/home/polensky/.meteor/packages/meteor-tool/.1.4.2_3.17tso1e++os.linux.x86_64+web.browser+web.cordova/mt-os.linux.x86_64/dev_bundle/lib/node_modules/npm/lib/install/deps.js:228:14)
8 silly fetchPackageMetaData     at /home/polensky/.meteor/packages/meteor-tool/.1.4.2_3.17tso1e++os.linux.x86_64+web.browser+web.cordova/mt-os.linux.x86_64/dev_bundle/lib/node_modules/npm/lib/install/deps.js:241:16
8 silly fetchPackageMetaData     at /home/polensky/.meteor/packages/meteor-tool/.1.4.2_3.17tso1e++os.linux.x86_64+web.browser+web.cordova/mt-os.linux.x86_64/dev_bundle/lib/node_modules/npm/node_modules/slide/lib/async-map.js:52:35
8 silly fetchPackageMetaData     at Array.forEach (native)
8 silly fetchPackageMetaData     at /home/polensky/.meteor/packages/meteor-tool/.1.4.2_3.17tso1e++os.linux.x86_64+web.browser+web.cordova/mt-os.linux.x86_64/dev_bundle/lib/node_modules/npm/node_modules/slide/lib/async-map.js:52:11
8 silly fetchPackageMetaData     at Array.forEach (native)
8 silly fetchPackageMetaData  error for mpg:geolocation [Error: Unsupported URL Type: mpg:geolocation]
9 silly rollbackFailedOptional Starting
10 silly rollbackFailedOptional Finishing
11 silly runTopLevelLifecycles Finishing
12 silly install printInstalled
13 verbose stack Error: Unsupported URL Type: mpg:geolocation
13 verbose stack     at parseUrl (/home/polensky/.meteor/packages/meteor-tool/.1.4.2_3.17tso1e++os.linux.x86_64+web.browser+web.cordova/mt-os.linux.x86_64/dev_bundle/lib/node_modules/npm/node_modules/npm-package-arg/npa.js:186:13)
13 verbose stack     at npa (/home/polensky/.meteor/packages/meteor-tool/.1.4.2_3.17tso1e++os.linux.x86_64+web.browser+web.cordova/mt-os.linux.x86_64/dev_bundle/lib/node_modules/npm/node_modules/npm-package-arg/npa.js:79:12)
13 verbose stack     at module.exports (/home/polensky/.meteor/packages/meteor-tool/.1.4.2_3.17tso1e++os.linux.x86_64+web.browser+web.cordova/mt-os.linux.x86_64/dev_bundle/lib/node_modules/npm/node_modules/realize-package-specifier/index.js:12:15)
13 verbose stack     at fetchPackageMetadata (/home/polensky/.meteor/packages/meteor-tool/.1.4.2_3.17tso1e++os.linux.x86_64+web.browser+web.cordova/mt-os.linux.x86_64/dev_bundle/lib/node_modules/npm/lib/fetch-package-metadata.js:54:12)
13 verbose stack     at fetchMetadataWithVersion (/home/polensky/.meteor/packages/meteor-tool/.1.4.2_3.17tso1e++os.linux.x86_64+web.browser+web.cordova/mt-os.linux.x86_64/dev_bundle/lib/node_modules/npm/lib/install/deps.js:228:14)
13 verbose stack     at /home/polensky/.meteor/packages/meteor-tool/.1.4.2_3.17tso1e++os.linux.x86_64+web.browser+web.cordova/mt-os.linux.x86_64/dev_bundle/lib/node_modules/npm/lib/install/deps.js:241:16
13 verbose stack     at /home/polensky/.meteor/packages/meteor-tool/.1.4.2_3.17tso1e++os.linux.x86_64+web.browser+web.cordova/mt-os.linux.x86_64/dev_bundle/lib/node_modules/npm/node_modules/slide/lib/async-map.js:52:35
13 verbose stack     at Array.forEach (native)
13 verbose stack     at /home/polensky/.meteor/packages/meteor-tool/.1.4.2_3.17tso1e++os.linux.x86_64+web.browser+web.cordova/mt-os.linux.x86_64/dev_bundle/lib/node_modules/npm/node_modules/slide/lib/async-map.js:52:11
13 verbose stack     at Array.forEach (native)
14 verbose cwd /home/polensky/workspace/hackathon-2017/Shawinigan-Stationnement
15 error Linux 4.9.0-1-amd64
16 error argv "/home/polensky/.meteor/packages/meteor-tool/.1.4.2_3.17tso1e++os.linux.x86_64+web.browser+web.cordova/mt-os.linux.x86_64/dev_bundle/bin/node" "/home/polensky/.meteor/packages/meteor-tool/.1.4.2_3.17tso1e++os.linux.x86_64+web.browser+web.cordova/mt-os.linux.x86_64/dev_bundle/bin/npm" "install" "mpg:geolocation"
17 error node v4.6.2
18 error npm  v3.10.9
19 error Unsupported URL Type: mpg:geolocation
20 error If you need help, you may report this error at:
20 error     <https://github.com/npm/npm/issues>
21 verbose exit [ 1, true ]
